[0.458s] Invoking command in '/home/shcho/ros2_ws2/src/my_first_package': PYTHONPATH=/home/shcho/ros2_ws2/build/my_first_package/prefix_override:/usr/lib/python3/dist-packages/colcon_core/task/python/colcon_distutils_commands:/home/shcho/ros2_ws2/install/my_first_package/lib/python3.10/site-packages:${PYTHONPATH} /usr/bin/python3 -W ignore:setup.py install is deprecated -W ignore:easy_install command is deprecated setup.py egg_info --egg-base ../../build/my_first_package build --build-base /home/shcho/ros2_ws2/build/my_first_package/build install --record /home/shcho/ros2_ws2/build/my_first_package/install.log --single-version-externally-managed install_data
[0.617s] running egg_info
[0.618s] creating ../../build/my_first_package/my_first_package.egg-info
[0.618s] writing ../../build/my_first_package/my_first_package.egg-info/PKG-INFO
[0.618s] writing dependency_links to ../../build/my_first_package/my_first_package.egg-info/dependency_links.txt
[0.618s] writing entry points to ../../build/my_first_package/my_first_package.egg-info/entry_points.txt
[0.618s] writing requirements to ../../build/my_first_package/my_first_package.egg-info/requires.txt
[0.618s] writing top-level names to ../../build/my_first_package/my_first_package.egg-info/top_level.txt
[0.621s] writing manifest file '../../build/my_first_package/my_first_package.egg-info/SOURCES.txt'
[0.621s] reading manifest file '../../build/my_first_package/my_first_package.egg-info/SOURCES.txt'
[0.621s] writing manifest file '../../build/my_first_package/my_first_package.egg-info/SOURCES.txt'
[0.621s] running build
[0.621s] running build_py
[0.621s] creating /home/shcho/ros2_ws2/build/my_first_package/build
[0.621s] creating /home/shcho/ros2_ws2/build/my_first_package/build/lib
[0.621s] creating /home/shcho/ros2_ws2/build/my_first_package/build/lib/my_first_package
[0.621s] copying my_first_package/__init__.py -> /home/shcho/ros2_ws2/build/my_first_package/build/lib/my_first_package
[0.621s] copying my_first_package/my_first_node.py -> /home/shcho/ros2_ws2/build/my_first_package/build/lib/my_first_package
[0.622s] running install
[0.623s] running install_lib
[0.623s] creating /home/shcho/ros2_ws2/install/my_first_package/lib/python3.10/site-packages/my_first_package
[0.623s] copying /home/shcho/ros2_ws2/build/my_first_package/build/lib/my_first_package/__init__.py -> /home/shcho/ros2_ws2/install/my_first_package/lib/python3.10/site-packages/my_first_package
[0.623s] copying /home/shcho/ros2_ws2/build/my_first_package/build/lib/my_first_package/my_first_node.py -> /home/shcho/ros2_ws2/install/my_first_package/lib/python3.10/site-packages/my_first_package
[0.623s] byte-compiling /home/shcho/ros2_ws2/install/my_first_package/lib/python3.10/site-packages/my_first_package/__init__.py to __init__.cpython-310.pyc
[0.624s] byte-compiling /home/shcho/ros2_ws2/install/my_first_package/lib/python3.10/site-packages/my_first_package/my_first_node.py to my_first_node.cpython-310.pyc
[0.624s] running install_data
[0.624s] creating /home/shcho/ros2_ws2/install/my_first_package/share/ament_index
[0.624s] creating /home/shcho/ros2_ws2/install/my_first_package/share/ament_index/resource_index
[0.624s] creating /home/shcho/ros2_ws2/install/my_first_package/share/ament_index/resource_index/packages
[0.624s] copying resource/my_first_package -> /home/shcho/ros2_ws2/install/my_first_package/share/ament_index/resource_index/packages
[0.624s] copying package.xml -> /home/shcho/ros2_ws2/install/my_first_package/share/my_first_package
[0.625s] running install_egg_info
[0.626s] Copying ../../build/my_first_package/my_first_package.egg-info to /home/shcho/ros2_ws2/install/my_first_package/lib/python3.10/site-packages/my_first_package-0.0.0-py3.10.egg-info
[0.626s] running install_scripts
[0.643s] Installing my_first_node script to /home/shcho/ros2_ws2/install/my_first_package/lib/my_first_package
[0.643s] writing list of installed files to '/home/shcho/ros2_ws2/build/my_first_package/install.log'
[0.657s] Invoked command in '/home/shcho/ros2_ws2/src/my_first_package' returned '0': PYTHONPATH=/home/shcho/ros2_ws2/build/my_first_package/prefix_override:/usr/lib/python3/dist-packages/colcon_core/task/python/colcon_distutils_commands:/home/shcho/ros2_ws2/install/my_first_package/lib/python3.10/site-packages:${PYTHONPATH} /usr/bin/python3 -W ignore:setup.py install is deprecated -W ignore:easy_install command is deprecated setup.py egg_info --egg-base ../../build/my_first_package build --build-base /home/shcho/ros2_ws2/build/my_first_package/build install --record /home/shcho/ros2_ws2/build/my_first_package/install.log --single-version-externally-managed install_data
