[0.570s] Invoking command in '/home/shcho/ros2_ws2/src/my_first_package': PYTHONPATH=/home/shcho/ros2_ws2/build/my_first_package/prefix_override:/usr/lib/python3/dist-packages/colcon_core/task/python/colcon_distutils_commands:/home/shcho/ros2_ws2/install/my_first_package/lib/python3.10/site-packages:${PYTHONPATH} /usr/bin/python3 -W ignore:setup.py install is deprecated -W ignore:easy_install command is deprecated setup.py egg_info --egg-base ../../build/my_first_package build --build-base /home/shcho/ros2_ws2/build/my_first_package/build install --record /home/shcho/ros2_ws2/build/my_first_package/install.log --single-version-externally-managed install_data
[0.736s] running egg_info
[0.736s] writing ../../build/my_first_package/my_first_package.egg-info/PKG-INFO
[0.736s] writing dependency_links to ../../build/my_first_package/my_first_package.egg-info/dependency_links.txt
[0.736s] writing entry points to ../../build/my_first_package/my_first_package.egg-info/entry_points.txt
[0.738s] writing requirements to ../../build/my_first_package/my_first_package.egg-info/requires.txt
[0.740s] writing top-level names to ../../build/my_first_package/my_first_package.egg-info/top_level.txt
[0.742s] reading manifest file '../../build/my_first_package/my_first_package.egg-info/SOURCES.txt'
[0.744s] writing manifest file '../../build/my_first_package/my_first_package.egg-info/SOURCES.txt'
[0.744s] running build
[0.744s] running build_py
[0.744s] copying my_first_package/scan_publisher.py -> /home/shcho/ros2_ws2/build/my_first_package/build/lib/my_first_package
[0.745s] running install
[0.745s] running install_lib
[0.747s] copying /home/shcho/ros2_ws2/build/my_first_package/build/lib/my_first_package/scan_publisher.py -> /home/shcho/ros2_ws2/install/my_first_package/lib/python3.10/site-packages/my_first_package
[0.749s] byte-compiling /home/shcho/ros2_ws2/install/my_first_package/lib/python3.10/site-packages/my_first_package/scan_publisher.py to scan_publisher.cpython-310.pyc
[0.749s] running install_data
[0.749s] running install_egg_info
[0.749s] removing '/home/shcho/ros2_ws2/install/my_first_package/lib/python3.10/site-packages/my_first_package-0.0.0-py3.10.egg-info' (and everything under it)
[0.749s]   File "/home/shcho/ros2_ws2/install/my_first_package/lib/python3.10/site-packages/my_first_package/scan_publisher.py", line 52
[0.749s]     super().__init__('
[0.749s]                      ^
[0.749s] SyntaxError: unterminated string literal (detected at line 52)
[0.749s] 
[0.752s] Copying ../../build/my_first_package/my_first_package.egg-info to /home/shcho/ros2_ws2/install/my_first_package/lib/python3.10/site-packages/my_first_package-0.0.0-py3.10.egg-info
[0.753s] running install_scripts
[0.767s] Installing my_first_node script to /home/shcho/ros2_ws2/install/my_first_package/lib/my_first_package
[0.767s] Installing scan_publisher script to /home/shcho/ros2_ws2/install/my_first_package/lib/my_first_package
[0.769s] writing list of installed files to '/home/shcho/ros2_ws2/build/my_first_package/install.log'
[0.786s] Invoked command in '/home/shcho/ros2_ws2/src/my_first_package' returned '0': PYTHONPATH=/home/shcho/ros2_ws2/build/my_first_package/prefix_override:/usr/lib/python3/dist-packages/colcon_core/task/python/colcon_distutils_commands:/home/shcho/ros2_ws2/install/my_first_package/lib/python3.10/site-packages:${PYTHONPATH} /usr/bin/python3 -W ignore:setup.py install is deprecated -W ignore:easy_install command is deprecated setup.py egg_info --egg-base ../../build/my_first_package build --build-base /home/shcho/ros2_ws2/build/my_first_package/build install --record /home/shcho/ros2_ws2/build/my_first_package/install.log --single-version-externally-managed install_data
