[0.449s] Invoking command in '/home/shcho/ros2_ws2/src/my_first_package': PYTHONPATH=/home/shcho/ros2_ws2/build/my_first_package/prefix_override:/usr/lib/python3/dist-packages/colcon_core/task/python/colcon_distutils_commands:/home/shcho/ros2_ws2/install/my_first_package/lib/python3.10/site-packages:${PYTHONPATH} /usr/bin/python3 -W ignore:setup.py install is deprecated -W ignore:easy_install command is deprecated setup.py egg_info --egg-base ../../build/my_first_package build --build-base /home/shcho/ros2_ws2/build/my_first_package/build install --record /home/shcho/ros2_ws2/build/my_first_package/install.log --single-version-externally-managed install_data
[0.610s] running egg_info
[0.610s] writing ../../build/my_first_package/my_first_package.egg-info/PKG-INFO
[0.610s] writing dependency_links to ../../build/my_first_package/my_first_package.egg-info/dependency_links.txt
[0.611s] writing entry points to ../../build/my_first_package/my_first_package.egg-info/entry_points.txt
[0.611s] writing requirements to ../../build/my_first_package/my_first_package.egg-info/requires.txt
[0.611s] writing top-level names to ../../build/my_first_package/my_first_package.egg-info/top_level.txt
[0.612s] reading manifest file '../../build/my_first_package/my_first_package.egg-info/SOURCES.txt'
[0.614s] writing manifest file '../../build/my_first_package/my_first_package.egg-info/SOURCES.txt'
[0.614s] running build
[0.614s] running build_py
[0.614s] copying my_first_package/scan_publisher.py -> /home/shcho/ros2_ws2/build/my_first_package/build/lib/my_first_package
[0.614s] running install
[0.614s] running install_lib
[0.615s] copying /home/shcho/ros2_ws2/build/my_first_package/build/lib/my_first_package/scan_publisher.py -> /home/shcho/ros2_ws2/install/my_first_package/lib/python3.10/site-packages/my_first_package
[0.629s] byte-compiling /home/shcho/ros2_ws2/install/my_first_package/lib/python3.10/site-packages/my_first_package/scan_publisher.py to scan_publisher.cpython-310.pyc
[0.629s] running install_data
[0.631s] running install_egg_info
[0.631s] removing '/home/shcho/ros2_ws2/install/my_first_package/lib/python3.10/site-packages/my_first_package-0.0.0-py3.10.egg-info' (and everything under it)
[0.639s] Copying ../../build/my_first_package/my_first_package.egg-info to /home/shcho/ros2_ws2/install/my_first_package/lib/python3.10/site-packages/my_first_package-0.0.0-py3.10.egg-info
[0.639s] running install_scripts
[0.652s] Installing my_first_node script to /home/shcho/ros2_ws2/install/my_first_package/lib/my_first_package
[0.652s] Installing scan_publisher script to /home/shcho/ros2_ws2/install/my_first_package/lib/my_first_package
[0.655s] writing list of installed files to '/home/shcho/ros2_ws2/build/my_first_package/install.log'
[0.675s] Invoked command in '/home/shcho/ros2_ws2/src/my_first_package' returned '0': PYTHONPATH=/home/shcho/ros2_ws2/build/my_first_package/prefix_override:/usr/lib/python3/dist-packages/colcon_core/task/python/colcon_distutils_commands:/home/shcho/ros2_ws2/install/my_first_package/lib/python3.10/site-packages:${PYTHONPATH} /usr/bin/python3 -W ignore:setup.py install is deprecated -W ignore:easy_install command is deprecated setup.py egg_info --egg-base ../../build/my_first_package build --build-base /home/shcho/ros2_ws2/build/my_first_package/build install --record /home/shcho/ros2_ws2/build/my_first_package/install.log --single-version-externally-managed install_data
